Desktop/alphabetika/app/build/intermediates/manifest_merge_blame_file/release/processReleaseMainManifest/manifest-merger-blame-release-report.txt
1<?xml version="1.0" encoding="utf-8"?>
2<manifest xmlns:android="http://schemas.android.com/apk/res/android"
3    package="com.example.alphabetika"
4    android:versionCode="1"
5    android:versionName="1.0" >
6
7    <uses-sdk
8        android:minSdkVersion="24"
9        android:targetSdkVersion="34" />
10
11    <permission
11-->[androidx.core:core:1.9.0] AndroidManifest.xml:22:5-24:47
12        android:name="com.example.alphabetika.DYNAMIC_RECEIVER_NOT_EXPORTED_PERMISSION"
12-->[androidx.core:core:1.9.0] AndroidManifest.xml:23:9-81
13        android:protectionLevel="signature" />
13-->[androidx.core:core:1.9.0] AndroidManifest.xml:24:9-44
14
15    <uses-permission android:name="com.example.alphabetika.DYNAMIC_RECEIVER_NOT_EXPORTED_PERMISSION" />
15-->[androidx.core:core:1.9.0] AndroidManifest.xml:26:5-97
15-->[androidx.core:core:1.9.0] AndroidManifest.xml:26:22-94
16
17    <application
17-->src/main/AndroidManifest.xml:5:5-82:19
18        android:allowBackup="true"
18-->src/main/AndroidManifest.xml:6:9-35
19        android:appComponentFactory="androidx.core.app.CoreComponentFactory"
19-->[androidx.core:core:1.9.0] AndroidManifest.xml:28:18-86
20        android:extractNativeLibs="false"
21        android:icon="@drawable/appicon"
21-->src/main/AndroidManifest.xml:7:9-41
22        android:label="@string/app_name"
22-->src/main/AndroidManifest.xml:9:9-41
23        android:roundIcon="@drawable/appicon"
23-->src/main/AndroidManifest.xml:8:9-46
24        android:supportsRtl="true"
24-->src/main/AndroidManifest.xml:10:9-35
25        android:theme="@style/AppTheme" >
25-->src/main/AndroidManifest.xml:11:9-40
26        <activity
26-->src/main/AndroidManifest.xml:13:9-21:20
27            android:name="com.example.alphabetika.SplashScreen"
27-->src/main/AndroidManifest.xml:14:13-64
28            android:exported="true"
28-->src/main/AndroidManifest.xml:15:13-36
29            android:theme="@style/SplashScreen" >
29-->src/main/AndroidManifest.xml:16:13-48
30            <intent-filter>
30-->src/main/AndroidManifest.xml:17:13-20:29
31                <action android:name="android.intent.action.MAIN" />
31-->src/main/AndroidManifest.xml:18:17-69
31-->src/main/AndroidManifest.xml:18:25-66
32
33                <category android:name="android.intent.category.LAUNCHER" />
33-->src/main/AndroidManifest.xml:19:17-77
33-->src/main/AndroidManifest.xml:19:27-74
34            </intent-filter>
35        </activity>
36        <activity
36-->src/main/AndroidManifest.xml:23:9-25:39
37            android:name="com.example.alphabetika.MainActivity"
37-->src/main/AndroidManifest.xml:24:13-64
38            android:exported="false" />
38-->src/main/AndroidManifest.xml:25:13-37
39        <activity
39-->src/main/AndroidManifest.xml:27:9-29:39
40            android:name="com.example.alphabetika.LoginActivity"
40-->src/main/AndroidManifest.xml:28:13-65
41            android:exported="false" />
41-->src/main/AndroidManifest.xml:29:13-37
42        <activity
42-->src/main/AndroidManifest.xml:31:9-33:39
43            android:name="com.example.alphabetika.SignupActivity"
43-->src/main/AndroidManifest.xml:32:13-66
44            android:exported="false" />
44-->src/main/AndroidManifest.xml:33:13-37
45        <activity
45-->src/main/AndroidManifest.xml:35:9-37:39
46            android:name="com.example.alphabetika.BornomalaActivity"
46-->src/main/AndroidManifest.xml:36:13-69
47            android:exported="false" />
47-->src/main/AndroidManifest.xml:37:13-37
48        <activity
48-->src/main/AndroidManifest.xml:39:9-41:39
49            android:name="com.example.alphabetika.ShorobornoActivity"
49-->src/main/AndroidManifest.xml:40:13-70
50            android:exported="false" />
50-->src/main/AndroidManifest.xml:41:13-37
51        <activity
51-->src/main/AndroidManifest.xml:43:9-45:39
52            android:name="com.example.alphabetika.BenjonBornoActivity"
52-->src/main/AndroidManifest.xml:44:13-71
53            android:exported="false" />
53-->src/main/AndroidManifest.xml:45:13-37
54        <activity
54-->src/main/AndroidManifest.xml:46:9-48:39
55            android:name="com.example.alphabetika.GameMainScreen"
55-->src/main/AndroidManifest.xml:47:13-66
56            android:exported="false" />
56-->src/main/AndroidManifest.xml:48:13-37
57        <activity
57-->src/main/AndroidManifest.xml:49:9-51:39
58            android:name="com.example.alphabetika.GameActivity"
58-->src/main/AndroidManifest.xml:50:13-64
59            android:exported="false" />
59-->src/main/AndroidManifest.xml:51:13-37
60        <activity
60-->src/main/AndroidManifest.xml:52:9-54:39
61            android:name="com.example.alphabetika.EnglishAlphabetActivity"
61-->src/main/AndroidManifest.xml:53:13-75
62            android:exported="false" />
62-->src/main/AndroidManifest.xml:54:13-37
63        <activity
63-->src/main/AndroidManifest.xml:55:9-57:39
64            android:name="com.example.alphabetika.NumberActivity"
64-->src/main/AndroidManifest.xml:56:13-66
65            android:exported="false" />
65-->src/main/AndroidManifest.xml:57:13-37
66        <activity
66-->src/main/AndroidManifest.xml:58:9-60:39
67            android:name="com.example.alphabetika.ArabicActivity"
67-->src/main/AndroidManifest.xml:59:13-66
68            android:exported="false" />
68-->src/main/AndroidManifest.xml:60:13-37
69        <activity
69-->src/main/AndroidManifest.xml:61:9-63:39
70            android:name="com.example.alphabetika.ArabicNumberActivity"
70-->src/main/AndroidManifest.xml:62:13-72
71            android:exported="false" />
71-->src/main/AndroidManifest.xml:63:13-37
72        <activity
72-->src/main/AndroidManifest.xml:64:9-66:39
73            android:name="com.example.alphabetika.SongkaActivity"
73-->src/main/AndroidManifest.xml:65:13-66
74            android:exported="false" />
74-->src/main/AndroidManifest.xml:66:13-37
75        <activity
75-->src/main/AndroidManifest.xml:67:9-69:39
76            android:name="com.example.alphabetika.MainResult"
76-->src/main/AndroidManifest.xml:68:13-62
77            android:exported="false" />
77-->src/main/AndroidManifest.xml:69:13-37
78        <activity
78-->src/main/AndroidManifest.xml:70:9-72:39
79            android:name="com.example.alphabetika.ProfileActivity"
79-->src/main/AndroidManifest.xml:71:13-67
80            android:exported="false" />
80-->src/main/AndroidManifest.xml:72:13-37
81        <activity
81-->src/main/AndroidManifest.xml:73:9-75:39
82            android:name="com.example.alphabetika.HomeActivity"
82-->src/main/AndroidManifest.xml:74:13-64
83            android:exported="false" />
83-->src/main/AndroidManifest.xml:75:13-37
84        <activity
84-->src/main/AndroidManifest.xml:76:9-78:39
85            android:name="com.example.alphabetika.ChobiThekePoriActivity"
85-->src/main/AndroidManifest.xml:77:13-74
86            android:exported="false" />
86-->src/main/AndroidManifest.xml:78:13-37
87        <activity
87-->src/main/AndroidManifest.xml:79:9-81:39
88            android:name="com.example.alphabetika.SentenceShorobornoActivity"
88-->src/main/AndroidManifest.xml:80:13-78
89            android:exported="false" />
89-->src/main/AndroidManifest.xml:81:13-37
90
91        <provider
91-->[androidx.emoji2:emoji2:1.2.0] AndroidManifest.xml:24:9-32:20
92            android:name="androidx.startup.InitializationProvider"
92-->[androidx.emoji2:emoji2:1.2.0] AndroidManifest.xml:25:13-67
93            android:authorities="com.example.alphabetika.androidx-startup"
93-->[androidx.emoji2:emoji2:1.2.0] AndroidManifest.xml:26:13-68
94            android:exported="false" >
94-->[androidx.emoji2:emoji2:1.2.0] AndroidManifest.xml:27:13-37
95            <meta-data
95-->[androidx.emoji2:emoji2:1.2.0] AndroidManifest.xml:29:13-31:52
96                android:name="androidx.emoji2.text.EmojiCompatInitializer"
96-->[androidx.emoji2:emoji2:1.2.0] AndroidManifest.xml:30:17-75
97                android:value="androidx.startup" />
97-->[androidx.emoji2:emoji2:1.2.0] AndroidManifest.xml:31:17-49
98            <meta-data
98-->[androidx.lifecycle:lifecycle-process:2.6.1] AndroidManifest.xml:29:13-31:52
99                android:name="androidx.lifecycle.ProcessLifecycleInitializer"
99-->[androidx.lifecycle:lifecycle-process:2.6.1] AndroidManifest.xml:30:17-78
100                android:value="androidx.startup" />
100-->[androidx.lifecycle:lifecycle-process:2.6.1] AndroidManifest.xml:31:17-49
101            <meta-data
101-->[androidx.profileinstaller:profileinstaller:1.3.0] AndroidManifest.xml:29:13-31:52
102                android:name="androidx.profileinstaller.ProfileInstallerInitializer"
102-->[androidx.profileinstaller:profileinstaller:1.3.0] AndroidManifest.xml:30:17-85
103                android:value="androidx.startup" />
103-->[androidx.profileinstaller:profileinstaller:1.3.0] AndroidManifest.xml:31:17-49
104        </provider>
105
106        <receiver
106-->[androidx.profileinstaller:profileinstaller:1.3.0] AndroidManifest.xml:34:9-52:20
107            android:name="androidx.profileinstaller.ProfileInstallReceiver"
107-->[androidx.profileinstaller:profileinstaller:1.3.0] AndroidManifest.xml:35:13-76
108            android:directBootAware="false"
108-->[androidx.profileinstaller:profileinstaller:1.3.0] AndroidManifest.xml:36:13-44
109            android:enabled="true"
109-->[androidx.profileinstaller:profileinstaller:1.3.0] AndroidManifest.xml:37:13-35
110            android:exported="true"
110-->[androidx.profileinstaller:profileinstaller:1.3.0] AndroidManifest.xml:38:13-36
111            android:permission="android.permission.DUMP" >
111-->[androidx.profileinstaller:profileinstaller:1.3.0] AndroidManifest.xml:39:13-57
112            <intent-filter>
112-->[androidx.profileinstaller:profileinstaller:1.3.0] AndroidManifest.xml:40:13-42:29
113                <action android:name="androidx.profileinstaller.action.INSTALL_PROFILE" />
113-->[androidx.profileinstaller:profileinstaller:1.3.0] AndroidManifest.xml:41:17-91
113-->[androidx.profileinstaller:profileinstaller:1.3.0] AndroidManifest.xml:41:25-88
114            </intent-filter>
115            <intent-filter>
115-->[androidx.profileinstaller:profileinstaller:1.3.0] AndroidManifest.xml:43:13-45:29
116                <action android:name="androidx.profileinstaller.action.SKIP_FILE" />
116-->[androidx.profileinstaller:profileinstaller:1.3.0] AndroidManifest.xml:44:17-85
116-->[androidx.profileinstaller:profileinstaller:1.3.0] AndroidManifest.xml:44:25-82
117            </intent-filter>
118            <intent-filter>
118-->[androidx.profileinstaller:profileinstaller:1.3.0] AndroidManifest.xml:46:13-48:29
119                <action android:name="androidx.profileinstaller.action.SAVE_PROFILE" />
119-->[androidx.profileinstaller:profileinstaller:1.3.0] AndroidManifest.xml:47:17-88
119-->[androidx.profileinstaller:profileinstaller:1.3.0] AndroidManifest.xml:47:25-85
120            </intent-filter>
121            <intent-filter>
121-->[androidx.profileinstaller:profileinstaller:1.3.0] AndroidManifest.xml:49:13-51:29
122                <action android:name="androidx.profileinstaller.action.BENCHMARK_OPERATION" />
122-->[androidx.profileinstaller:profileinstaller:1.3.0] AndroidManifest.xml:50:17-95
122-->[androidx.profileinstaller:profileinstaller:1.3.0] AndroidManifest.xml:50:25-92
123            </intent-filter>
124        </receiver>
125    </application>
126
127</manifest>